<?xml version="1.0" encoding="UTF-8"?>
<!-- Generated by org.testng.reporters.JUnitReportReporter -->
<testsuite hostname="LAPTOP-BIM2FR3V" failures="0" tests="1" name="scenarios.MouseHover" time="12.597" errors="0" timestamp="2024-06-08T07:14:01 IST" skipped="0">
  <testcase classname="scenarios.MouseHover" name="dragAndDrop" time="12.597"/>
  <system-out/>
</testsuite> <!-- scenarios.MouseHover -->
