<?xml version="1.0" encoding="UTF-8"?>
<!-- Generated by org.testng.reporters.JUnitReportReporter -->
<testsuite hostname="LAPTOP-BIM2FR3V" failures="0" tests="1" name="scenarios.SwitchingWindows" time="9.973" errors="0" timestamp="2024-06-08T07:14:01 IST" skipped="0">
  <testcase classname="scenarios.SwitchingWindows" name="switchWin" time="9.973"/>
  <system-out/>
</testsuite> <!-- scenarios.SwitchingWindows -->
