<?xml version="1.0" encoding="UTF-8"?>
<!-- Generated by org.testng.reporters.JUnitReportReporter -->
<testsuite hostname="LAPTOP-BIM2FR3V" failures="0" tests="1" name="scenarios.SwitchingWindows" time="8.849" errors="0" timestamp="2024-06-14T06:06:53 IST" skipped="0">
  <testcase classname="scenarios.SwitchingWindows" name="switchWin" time="8.849"/>
</testsuite> <!-- scenarios.SwitchingWindows -->
