<?xml version="1.0" encoding="UTF-8"?>
<!-- Generated by org.testng.reporters.JUnitReportReporter -->
<testsuite hostname="LAPTOP-BIM2FR3V" failures="0" tests="1" name="scenarios.DynDataHandling" time="10.801" errors="0" timestamp="2024-06-14T06:06:53 IST" skipped="0">
  <testcase classname="scenarios.DynDataHandling" name="DynDataCaptcha" time="10.801"/>
</testsuite> <!-- scenarios.DynDataHandling -->
